Classic Timing Analyzer report for V1
Tue Jul 12 18:29:54 2022
Quartus II Version 9.1 Build 350 03/24/2010 Service Pack 2 SJ Web Edition


---------------------
; Table of Contents ;
---------------------
  1. Legal Notice
  2. Timing Analyzer Summary
  3. Timing Analyzer Settings
  4. Clock Settings Summary
  5. Parallel Compilation
  6. Clock Setup: 'clk'
  7. tco
  8. Timing Analyzer Messages



----------------
; Legal Notice ;
----------------
Copyright (C) 1991-2010 Altera Corporation
Your use of Altera Corporation's design tools, logic functions 
and other software and tools, and its AMPP partner logic 
functions, and any output files from any of the foregoing 
(including device programming or simulation files), and any 
associated documentation or information are expressly subject 
to the terms and conditions of the Altera Program License 
Subscription Agreement, Altera MegaCore Function License 
Agreement, or other applicable license agreement, including, 
without limitation, that your use is for the sole purpose of 
programming logic devices manufactured by Altera and sold by 
Altera or its authorized distributors.  Please refer to the 
applicable agreement for further details.



+------------------------------------------------------------------------------------------------------------------------------------------------------+
; Timing Analyzer Summary                                                                                                                              ;
+------------------------------+-------+---------------+----------------------------------+----------+----------+------------+----------+--------------+
; Type                         ; Slack ; Required Time ; Actual Time                      ; From     ; To       ; From Clock ; To Clock ; Failed Paths ;
+------------------------------+-------+---------------+----------------------------------+----------+----------+------------+----------+--------------+
; Worst-case tco               ; N/A   ; None          ; 8.128 ns                         ; led~reg0 ; led      ; clk        ; --       ; 0            ;
; Clock Setup: 'clk'           ; N/A   ; None          ; 73.76 MHz ( period = 13.558 ns ) ; count[0] ; count[4] ; clk        ; clk      ; 0            ;
; Total number of failed paths ;       ;               ;                                  ;          ;          ;            ;          ; 0            ;
+------------------------------+-------+---------------+----------------------------------+----------+----------+------------+----------+--------------+


+-----------------------------------------------------------------------------------------------------------------------------------------------------+
; Timing Analyzer Settings                                                                                                                            ;
+------------------------------------------------------------------------------------------------------+--------------------+------+----+-------------+
; Option                                                                                               ; Setting            ; From ; To ; Entity Name ;
+------------------------------------------------------------------------------------------------------+--------------------+------+----+-------------+
; Device Name                                                                                          ; EPM240T100C5       ;      ;    ;             ;
; Timing Models                                                                                        ; Final              ;      ;    ;             ;
; Default hold multicycle                                                                              ; Same as Multicycle ;      ;    ;             ;
; Cut paths between unrelated clock domains                                                            ; On                 ;      ;    ;             ;
; Cut off read during write signal paths                                                               ; On                 ;      ;    ;             ;
; Cut off feedback from I/O pins                                                                       ; On                 ;      ;    ;             ;
; Report Combined Fast/Slow Timing                                                                     ; Off                ;      ;    ;             ;
; Ignore Clock Settings                                                                                ; Off                ;      ;    ;             ;
; Analyze latches as synchronous elements                                                              ; On                 ;      ;    ;             ;
; Enable Recovery/Removal analysis                                                                     ; Off                ;      ;    ;             ;
; Enable Clock Latency                                                                                 ; Off                ;      ;    ;             ;
; Use TimeQuest Timing Analyzer                                                                        ; Off                ;      ;    ;             ;
; Minimum Core Junction Temperature                                                                    ; 0                  ;      ;    ;             ;
; Maximum Core Junction Temperature                                                                    ; 85                 ;      ;    ;             ;
; Number of source nodes to report per destination node                                                ; 10                 ;      ;    ;             ;
; Number of destination nodes to report                                                                ; 10                 ;      ;    ;             ;
; Number of paths to report                                                                            ; 200                ;      ;    ;             ;
; Report Minimum Timing Checks                                                                         ; Off                ;      ;    ;             ;
; Use Fast Timing Models                                                                               ; Off                ;      ;    ;             ;
; Report IO Paths Separately                                                                           ; Off                ;      ;    ;             ;
; Perform Multicorner Analysis                                                                         ; Off                ;      ;    ;             ;
; Reports the worst-case path for each clock domain and analysis                                       ; Off                ;      ;    ;             ;
; Reports worst-case timing paths for each clock domain and analysis                                   ; On                 ;      ;    ;             ;
; Specifies the maximum number of worst-case timing paths to report for each clock domain and analysis ; 100                ;      ;    ;             ;
; Removes common clock path pessimism (CCPP) during slack computation                                  ; Off                ;      ;    ;             ;
; Output I/O Timing Endpoint                                                                           ; Near End           ;      ;    ;             ;
+------------------------------------------------------------------------------------------------------+--------------------+------+----+-------------+


+------------------------------------------------------------------------------------------------------------------------------------------------------------------------------------+
; Clock Settings Summary                                                                                                                                                             ;
+-----------------+--------------------+----------+------------------+---------------+--------------+----------+-----------------------+---------------------+--------+--------------+
; Clock Node Name ; Clock Setting Name ; Type     ; Fmax Requirement ; Early Latency ; Late Latency ; Based on ; Multiply Base Fmax by ; Divide Base Fmax by ; Offset ; Phase offset ;
+-----------------+--------------------+----------+------------------+---------------+--------------+----------+-----------------------+---------------------+--------+--------------+
; clk             ;                    ; User Pin ; None             ; 0.000 ns      ; 0.000 ns     ; --       ; N/A                   ; N/A                 ; N/A    ;              ;
+-----------------+--------------------+----------+------------------+---------------+--------------+----------+-----------------------+---------------------+--------+--------------+


Parallel compilation was disabled, but you have multiple processors available. Enable parallel compilation to reduce compilation time.
+-------------------------------------+
; Parallel Compilation                ;
+----------------------------+--------+
; Processors                 ; Number ;
+----------------------------+--------+
; Number detected on machine ; 2      ;
; Maximum allowed            ; 1      ;
+----------------------------+--------+


+-----------------------------------------------------------------------------------------------------------------------------------------------------------------------------------------------------------------------------------+
; Clock Setup: 'clk'                                                                                                                                                                                                                ;
+-----------------------------------------+-----------------------------------------------------+-----------+-----------+------------+----------+-----------------------------+---------------------------+-------------------------+
; Slack                                   ; Actual fmax (period)                                ; From      ; To        ; From Clock ; To Clock ; Required Setup Relationship ; Required Longest P2P Time ; Actual Longest P2P Time ;
+-----------------------------------------+-----------------------------------------------------+-----------+-----------+------------+----------+-----------------------------+---------------------------+-------------------------+
; N/A                                     ; 73.76 MHz ( period = 13.558 ns )                    ; count[0]  ; count[5]  ; clk        ; clk      ; None                        ; None                      ; 12.849 ns               ;
; N/A                                     ; 73.76 MHz ( period = 13.558 ns )                    ; count[0]  ; count[0]  ; clk        ; clk      ; None                        ; None                      ; 12.849 ns               ;
; N/A                                     ; 73.76 MHz ( period = 13.558 ns )                    ; count[0]  ; count[1]  ; clk        ; clk      ; None                        ; None                      ; 12.849 ns               ;
; N/A                                     ; 73.76 MHz ( period = 13.558 ns )                    ; count[0]  ; count[2]  ; clk        ; clk      ; None                        ; None                      ; 12.849 ns               ;
; N/A                                     ; 73.76 MHz ( period = 13.558 ns )                    ; count[0]  ; count[3]  ; clk        ; clk      ; None                        ; None                      ; 12.849 ns               ;
; N/A                                     ; 73.76 MHz ( period = 13.558 ns )                    ; count[0]  ; count[4]  ; clk        ; clk      ; None                        ; None                      ; 12.849 ns               ;
; N/A                                     ; 74.70 MHz ( period = 13.386 ns )                    ; count[3]  ; count[5]  ; clk        ; clk      ; None                        ; None                      ; 12.677 ns               ;
; N/A                                     ; 74.70 MHz ( period = 13.386 ns )                    ; count[3]  ; count[0]  ; clk        ; clk      ; None                        ; None                      ; 12.677 ns               ;
; N/A                                     ; 74.70 MHz ( period = 13.386 ns )                    ; count[3]  ; count[1]  ; clk        ; clk      ; None                        ; None                      ; 12.677 ns               ;
; N/A                                     ; 74.70 MHz ( period = 13.386 ns )                    ; count[3]  ; count[2]  ; clk        ; clk      ; None                        ; None                      ; 12.677 ns               ;
; N/A                                     ; 74.70 MHz ( period = 13.386 ns )                    ; count[3]  ; count[3]  ; clk        ; clk      ; None                        ; None                      ; 12.677 ns               ;
; N/A                                     ; 74.70 MHz ( period = 13.386 ns )                    ; count[3]  ; count[4]  ; clk        ; clk      ; None                        ; None                      ; 12.677 ns               ;
; N/A                                     ; 75.36 MHz ( period = 13.269 ns )                    ; count[16] ; count[5]  ; clk        ; clk      ; None                        ; None                      ; 12.560 ns               ;
; N/A                                     ; 75.36 MHz ( period = 13.269 ns )                    ; count[16] ; count[0]  ; clk        ; clk      ; None                        ; None                      ; 12.560 ns               ;
; N/A                                     ; 75.36 MHz ( period = 13.269 ns )                    ; count[16] ; count[1]  ; clk        ; clk      ; None                        ; None                      ; 12.560 ns               ;
; N/A                                     ; 75.36 MHz ( period = 13.269 ns )                    ; count[16] ; count[2]  ; clk        ; clk      ; None                        ; None                      ; 12.560 ns               ;
; N/A                                     ; 75.36 MHz ( period = 13.269 ns )                    ; count[16] ; count[3]  ; clk        ; clk      ; None                        ; None                      ; 12.560 ns               ;
; N/A                                     ; 75.36 MHz ( period = 13.269 ns )                    ; count[16] ; count[4]  ; clk        ; clk      ; None                        ; None                      ; 12.560 ns               ;
; N/A                                     ; 75.52 MHz ( period = 13.241 ns )                    ; count[2]  ; count[5]  ; clk        ; clk      ; None                        ; None                      ; 12.532 ns               ;
; N/A                                     ; 75.52 MHz ( period = 13.241 ns )                    ; count[2]  ; count[0]  ; clk        ; clk      ; None                        ; None                      ; 12.532 ns               ;
; N/A                                     ; 75.52 MHz ( period = 13.241 ns )                    ; count[2]  ; count[1]  ; clk        ; clk      ; None                        ; None                      ; 12.532 ns               ;
; N/A                                     ; 75.52 MHz ( period = 13.241 ns )                    ; count[2]  ; count[2]  ; clk        ; clk      ; None                        ; None                      ; 12.532 ns               ;
; N/A                                     ; 75.52 MHz ( period = 13.241 ns )                    ; count[2]  ; count[3]  ; clk        ; clk      ; None                        ; None                      ; 12.532 ns               ;
; N/A                                     ; 75.52 MHz ( period = 13.241 ns )                    ; count[2]  ; count[4]  ; clk        ; clk      ; None                        ; None                      ; 12.532 ns               ;
; N/A                                     ; 75.60 MHz ( period = 13.227 ns )                    ; count[1]  ; count[5]  ; clk        ; clk      ; None                        ; None                      ; 12.518 ns               ;
; N/A                                     ; 75.60 MHz ( period = 13.227 ns )                    ; count[1]  ; count[0]  ; clk        ; clk      ; None                        ; None                      ; 12.518 ns               ;
; N/A                                     ; 75.60 MHz ( period = 13.227 ns )                    ; count[1]  ; count[1]  ; clk        ; clk      ; None                        ; None                      ; 12.518 ns               ;
; N/A                                     ; 75.60 MHz ( period = 13.227 ns )                    ; count[1]  ; count[2]  ; clk        ; clk      ; None                        ; None                      ; 12.518 ns               ;
; N/A                                     ; 75.60 MHz ( period = 13.227 ns )                    ; count[1]  ; count[3]  ; clk        ; clk      ; None                        ; None                      ; 12.518 ns               ;
; N/A                                     ; 75.60 MHz ( period = 13.227 ns )                    ; count[1]  ; count[4]  ; clk        ; clk      ; None                        ; None                      ; 12.518 ns               ;
; N/A                                     ; 76.20 MHz ( period = 13.124 ns )                    ; count[13] ; count[5]  ; clk        ; clk      ; None                        ; None                      ; 12.415 ns               ;
; N/A                                     ; 76.20 MHz ( period = 13.124 ns )                    ; count[13] ; count[0]  ; clk        ; clk      ; None                        ; None                      ; 12.415 ns               ;
; N/A                                     ; 76.20 MHz ( period = 13.124 ns )                    ; count[13] ; count[1]  ; clk        ; clk      ; None                        ; None                      ; 12.415 ns               ;
; N/A                                     ; 76.20 MHz ( period = 13.124 ns )                    ; count[13] ; count[2]  ; clk        ; clk      ; None                        ; None                      ; 12.415 ns               ;
; N/A                                     ; 76.20 MHz ( period = 13.124 ns )                    ; count[13] ; count[3]  ; clk        ; clk      ; None                        ; None                      ; 12.415 ns               ;
; N/A                                     ; 76.20 MHz ( period = 13.124 ns )                    ; count[13] ; count[4]  ; clk        ; clk      ; None                        ; None                      ; 12.415 ns               ;
; N/A                                     ; 76.46 MHz ( period = 13.078 ns )                    ; count[0]  ; count[31] ; clk        ; clk      ; None                        ; None                      ; 12.369 ns               ;
; N/A                                     ; 76.46 MHz ( period = 13.078 ns )                    ; count[0]  ; count[30] ; clk        ; clk      ; None                        ; None                      ; 12.369 ns               ;
; N/A                                     ; 76.46 MHz ( period = 13.078 ns )                    ; count[0]  ; count[29] ; clk        ; clk      ; None                        ; None                      ; 12.369 ns               ;
; N/A                                     ; 76.46 MHz ( period = 13.078 ns )                    ; count[0]  ; count[28] ; clk        ; clk      ; None                        ; None                      ; 12.369 ns               ;
; N/A                                     ; 76.46 MHz ( period = 13.078 ns )                    ; count[0]  ; count[27] ; clk        ; clk      ; None                        ; None                      ; 12.369 ns               ;
; N/A                                     ; 76.46 MHz ( period = 13.078 ns )                    ; count[0]  ; count[26] ; clk        ; clk      ; None                        ; None                      ; 12.369 ns               ;
; N/A                                     ; 76.78 MHz ( period = 13.024 ns )                    ; count[0]  ; count[25] ; clk        ; clk      ; None                        ; None                      ; 12.315 ns               ;
; N/A                                     ; 76.78 MHz ( period = 13.024 ns )                    ; count[0]  ; count[24] ; clk        ; clk      ; None                        ; None                      ; 12.315 ns               ;
; N/A                                     ; 76.78 MHz ( period = 13.024 ns )                    ; count[0]  ; count[23] ; clk        ; clk      ; None                        ; None                      ; 12.315 ns               ;
; N/A                                     ; 76.78 MHz ( period = 13.024 ns )                    ; count[0]  ; count[20] ; clk        ; clk      ; None                        ; None                      ; 12.315 ns               ;
; N/A                                     ; 76.78 MHz ( period = 13.024 ns )                    ; count[0]  ; count[22] ; clk        ; clk      ; None                        ; None                      ; 12.315 ns               ;
; N/A                                     ; 76.78 MHz ( period = 13.024 ns )                    ; count[0]  ; count[21] ; clk        ; clk      ; None                        ; None                      ; 12.315 ns               ;
; N/A                                     ; 76.78 MHz ( period = 13.024 ns )                    ; count[0]  ; count[19] ; clk        ; clk      ; None                        ; None                      ; 12.315 ns               ;
; N/A                                     ; 76.78 MHz ( period = 13.024 ns )                    ; count[0]  ; count[18] ; clk        ; clk      ; None                        ; None                      ; 12.315 ns               ;
; N/A                                     ; 76.78 MHz ( period = 13.024 ns )                    ; count[0]  ; count[17] ; clk        ; clk      ; None                        ; None                      ; 12.315 ns               ;
; N/A                                     ; 76.78 MHz ( period = 13.024 ns )                    ; count[0]  ; count[16] ; clk        ; clk      ; None                        ; None                      ; 12.315 ns               ;
; N/A                                     ; 76.99 MHz ( period = 12.988 ns )                    ; count[0]  ; count[15] ; clk        ; clk      ; None                        ; None                      ; 12.279 ns               ;
; N/A                                     ; 76.99 MHz ( period = 12.988 ns )                    ; count[0]  ; count[12] ; clk        ; clk      ; None                        ; None                      ; 12.279 ns               ;
; N/A                                     ; 76.99 MHz ( period = 12.988 ns )                    ; count[0]  ; count[10] ; clk        ; clk      ; None                        ; None                      ; 12.279 ns               ;
; N/A                                     ; 76.99 MHz ( period = 12.988 ns )                    ; count[0]  ; count[11] ; clk        ; clk      ; None                        ; None                      ; 12.279 ns               ;
; N/A                                     ; 76.99 MHz ( period = 12.988 ns )                    ; count[0]  ; count[9]  ; clk        ; clk      ; None                        ; None                      ; 12.279 ns               ;
; N/A                                     ; 76.99 MHz ( period = 12.988 ns )                    ; count[0]  ; count[8]  ; clk        ; clk      ; None                        ; None                      ; 12.279 ns               ;
; N/A                                     ; 76.99 MHz ( period = 12.988 ns )                    ; count[0]  ; count[7]  ; clk        ; clk      ; None                        ; None                      ; 12.279 ns               ;
; N/A                                     ; 76.99 MHz ( period = 12.988 ns )                    ; count[0]  ; count[6]  ; clk        ; clk      ; None                        ; None                      ; 12.279 ns               ;
; N/A                                     ; 76.99 MHz ( period = 12.988 ns )                    ; count[0]  ; count[13] ; clk        ; clk      ; None                        ; None                      ; 12.279 ns               ;
; N/A                                     ; 76.99 MHz ( period = 12.988 ns )                    ; count[0]  ; count[14] ; clk        ; clk      ; None                        ; None                      ; 12.279 ns               ;
; N/A                                     ; 77.41 MHz ( period = 12.919 ns )                    ; count[8]  ; count[5]  ; clk        ; clk      ; None                        ; None                      ; 12.210 ns               ;
; N/A                                     ; 77.41 MHz ( period = 12.919 ns )                    ; count[8]  ; count[0]  ; clk        ; clk      ; None                        ; None                      ; 12.210 ns               ;
; N/A                                     ; 77.41 MHz ( period = 12.919 ns )                    ; count[8]  ; count[1]  ; clk        ; clk      ; None                        ; None                      ; 12.210 ns               ;
; N/A                                     ; 77.41 MHz ( period = 12.919 ns )                    ; count[8]  ; count[2]  ; clk        ; clk      ; None                        ; None                      ; 12.210 ns               ;
; N/A                                     ; 77.41 MHz ( period = 12.919 ns )                    ; count[8]  ; count[3]  ; clk        ; clk      ; None                        ; None                      ; 12.210 ns               ;
; N/A                                     ; 77.41 MHz ( period = 12.919 ns )                    ; count[8]  ; count[4]  ; clk        ; clk      ; None                        ; None                      ; 12.210 ns               ;
; N/A                                     ; 77.48 MHz ( period = 12.906 ns )                    ; count[3]  ; count[31] ; clk        ; clk      ; None                        ; None                      ; 12.197 ns               ;
; N/A                                     ; 77.48 MHz ( period = 12.906 ns )                    ; count[3]  ; count[30] ; clk        ; clk      ; None                        ; None                      ; 12.197 ns               ;
; N/A                                     ; 77.48 MHz ( period = 12.906 ns )                    ; count[3]  ; count[29] ; clk        ; clk      ; None                        ; None                      ; 12.197 ns               ;
; N/A                                     ; 77.48 MHz ( period = 12.906 ns )                    ; count[3]  ; count[28] ; clk        ; clk      ; None                        ; None                      ; 12.197 ns               ;
; N/A                                     ; 77.48 MHz ( period = 12.906 ns )                    ; count[3]  ; count[27] ; clk        ; clk      ; None                        ; None                      ; 12.197 ns               ;
; N/A                                     ; 77.48 MHz ( period = 12.906 ns )                    ; count[3]  ; count[26] ; clk        ; clk      ; None                        ; None                      ; 12.197 ns               ;
; N/A                                     ; 77.81 MHz ( period = 12.852 ns )                    ; count[3]  ; count[25] ; clk        ; clk      ; None                        ; None                      ; 12.143 ns               ;
; N/A                                     ; 77.81 MHz ( period = 12.852 ns )                    ; count[3]  ; count[24] ; clk        ; clk      ; None                        ; None                      ; 12.143 ns               ;
; N/A                                     ; 77.81 MHz ( period = 12.852 ns )                    ; count[3]  ; count[23] ; clk        ; clk      ; None                        ; None                      ; 12.143 ns               ;
; N/A                                     ; 77.81 MHz ( period = 12.852 ns )                    ; count[3]  ; count[20] ; clk        ; clk      ; None                        ; None                      ; 12.143 ns               ;
; N/A                                     ; 77.81 MHz ( period = 12.852 ns )                    ; count[3]  ; count[22] ; clk        ; clk      ; None                        ; None                      ; 12.143 ns               ;
; N/A                                     ; 77.81 MHz ( period = 12.852 ns )                    ; count[3]  ; count[21] ; clk        ; clk      ; None                        ; None                      ; 12.143 ns               ;
; N/A                                     ; 77.81 MHz ( period = 12.852 ns )                    ; count[3]  ; count[19] ; clk        ; clk      ; None                        ; None                      ; 12.143 ns               ;
; N/A                                     ; 77.81 MHz ( period = 12.852 ns )                    ; count[3]  ; count[18] ; clk        ; clk      ; None                        ; None                      ; 12.143 ns               ;
; N/A                                     ; 77.81 MHz ( period = 12.852 ns )                    ; count[3]  ; count[17] ; clk        ; clk      ; None                        ; None                      ; 12.143 ns               ;
; N/A                                     ; 77.81 MHz ( period = 12.852 ns )                    ; count[3]  ; count[16] ; clk        ; clk      ; None                        ; None                      ; 12.143 ns               ;
; N/A                                     ; 78.03 MHz ( period = 12.816 ns )                    ; count[3]  ; count[15] ; clk        ; clk      ; None                        ; None                      ; 12.107 ns               ;
; N/A                                     ; 78.03 MHz ( period = 12.816 ns )                    ; count[3]  ; count[12] ; clk        ; clk      ; None                        ; None                      ; 12.107 ns               ;
; N/A                                     ; 78.03 MHz ( period = 12.816 ns )                    ; count[3]  ; count[10] ; clk        ; clk      ; None                        ; None                      ; 12.107 ns               ;
; N/A                                     ; 78.03 MHz ( period = 12.816 ns )                    ; count[3]  ; count[11] ; clk        ; clk      ; None                        ; None                      ; 12.107 ns               ;
; N/A                                     ; 78.03 MHz ( period = 12.816 ns )                    ; count[3]  ; count[9]  ; clk        ; clk      ; None                        ; None                      ; 12.107 ns               ;
; N/A                                     ; 78.03 MHz ( period = 12.816 ns )                    ; count[3]  ; count[8]  ; clk        ; clk      ; None                        ; None                      ; 12.107 ns               ;
; N/A                                     ; 78.03 MHz ( period = 12.816 ns )                    ; count[3]  ; count[7]  ; clk        ; clk      ; None                        ; None                      ; 12.107 ns               ;
; N/A                                     ; 78.03 MHz ( period = 12.816 ns )                    ; count[3]  ; count[6]  ; clk        ; clk      ; None                        ; None                      ; 12.107 ns               ;
; N/A                                     ; 78.03 MHz ( period = 12.816 ns )                    ; count[3]  ; count[13] ; clk        ; clk      ; None                        ; None                      ; 12.107 ns               ;
; N/A                                     ; 78.03 MHz ( period = 12.816 ns )                    ; count[3]  ; count[14] ; clk        ; clk      ; None                        ; None                      ; 12.107 ns               ;
; N/A                                     ; 78.19 MHz ( period = 12.789 ns )                    ; count[16] ; count[31] ; clk        ; clk      ; None                        ; None                      ; 12.080 ns               ;
; N/A                                     ; 78.19 MHz ( period = 12.789 ns )                    ; count[16] ; count[30] ; clk        ; clk      ; None                        ; None                      ; 12.080 ns               ;
; N/A                                     ; 78.19 MHz ( period = 12.789 ns )                    ; count[16] ; count[29] ; clk        ; clk      ; None                        ; None                      ; 12.080 ns               ;
; N/A                                     ; 78.19 MHz ( period = 12.789 ns )                    ; count[16] ; count[28] ; clk        ; clk      ; None                        ; None                      ; 12.080 ns               ;
; N/A                                     ; 78.19 MHz ( period = 12.789 ns )                    ; count[16] ; count[27] ; clk        ; clk      ; None                        ; None                      ; 12.080 ns               ;
; N/A                                     ; 78.19 MHz ( period = 12.789 ns )                    ; count[16] ; count[26] ; clk        ; clk      ; None                        ; None                      ; 12.080 ns               ;
; N/A                                     ; 78.36 MHz ( period = 12.761 ns )                    ; count[2]  ; count[31] ; clk        ; clk      ; None                        ; None                      ; 12.052 ns               ;
; N/A                                     ; 78.36 MHz ( period = 12.761 ns )                    ; count[2]  ; count[30] ; clk        ; clk      ; None                        ; None                      ; 12.052 ns               ;
; N/A                                     ; 78.36 MHz ( period = 12.761 ns )                    ; count[2]  ; count[29] ; clk        ; clk      ; None                        ; None                      ; 12.052 ns               ;
; N/A                                     ; 78.36 MHz ( period = 12.761 ns )                    ; count[2]  ; count[28] ; clk        ; clk      ; None                        ; None                      ; 12.052 ns               ;
; N/A                                     ; 78.36 MHz ( period = 12.761 ns )                    ; count[2]  ; count[27] ; clk        ; clk      ; None                        ; None                      ; 12.052 ns               ;
; N/A                                     ; 78.36 MHz ( period = 12.761 ns )                    ; count[2]  ; count[26] ; clk        ; clk      ; None                        ; None                      ; 12.052 ns               ;
; N/A                                     ; 78.45 MHz ( period = 12.747 ns )                    ; count[1]  ; count[31] ; clk        ; clk      ; None                        ; None                      ; 12.038 ns               ;
; N/A                                     ; 78.45 MHz ( period = 12.747 ns )                    ; count[1]  ; count[30] ; clk        ; clk      ; None                        ; None                      ; 12.038 ns               ;
; N/A                                     ; 78.45 MHz ( period = 12.747 ns )                    ; count[1]  ; count[29] ; clk        ; clk      ; None                        ; None                      ; 12.038 ns               ;
; N/A                                     ; 78.45 MHz ( period = 12.747 ns )                    ; count[1]  ; count[28] ; clk        ; clk      ; None                        ; None                      ; 12.038 ns               ;
; N/A                                     ; 78.45 MHz ( period = 12.747 ns )                    ; count[1]  ; count[27] ; clk        ; clk      ; None                        ; None                      ; 12.038 ns               ;
; N/A                                     ; 78.45 MHz ( period = 12.747 ns )                    ; count[1]  ; count[26] ; clk        ; clk      ; None                        ; None                      ; 12.038 ns               ;
; N/A                                     ; 78.47 MHz ( period = 12.744 ns )                    ; count[17] ; count[5]  ; clk        ; clk      ; None                        ; None                      ; 12.035 ns               ;
; N/A                                     ; 78.47 MHz ( period = 12.744 ns )                    ; count[17] ; count[0]  ; clk        ; clk      ; None                        ; None                      ; 12.035 ns               ;
; N/A                                     ; 78.47 MHz ( period = 12.744 ns )                    ; count[17] ; count[1]  ; clk        ; clk      ; None                        ; None                      ; 12.035 ns               ;
; N/A                                     ; 78.47 MHz ( period = 12.744 ns )                    ; count[17] ; count[2]  ; clk        ; clk      ; None                        ; None                      ; 12.035 ns               ;
; N/A                                     ; 78.47 MHz ( period = 12.744 ns )                    ; count[17] ; count[3]  ; clk        ; clk      ; None                        ; None                      ; 12.035 ns               ;
; N/A                                     ; 78.47 MHz ( period = 12.744 ns )                    ; count[17] ; count[4]  ; clk        ; clk      ; None                        ; None                      ; 12.035 ns               ;
; N/A                                     ; 78.49 MHz ( period = 12.740 ns )                    ; count[14] ; count[5]  ; clk        ; clk      ; None                        ; None                      ; 12.031 ns               ;
; N/A                                     ; 78.49 MHz ( period = 12.740 ns )                    ; count[14] ; count[0]  ; clk        ; clk      ; None                        ; None                      ; 12.031 ns               ;
; N/A                                     ; 78.49 MHz ( period = 12.740 ns )                    ; count[14] ; count[1]  ; clk        ; clk      ; None                        ; None                      ; 12.031 ns               ;
; N/A                                     ; 78.49 MHz ( period = 12.740 ns )                    ; count[14] ; count[2]  ; clk        ; clk      ; None                        ; None                      ; 12.031 ns               ;
; N/A                                     ; 78.49 MHz ( period = 12.740 ns )                    ; count[14] ; count[3]  ; clk        ; clk      ; None                        ; None                      ; 12.031 ns               ;
; N/A                                     ; 78.49 MHz ( period = 12.740 ns )                    ; count[14] ; count[4]  ; clk        ; clk      ; None                        ; None                      ; 12.031 ns               ;
; N/A                                     ; 78.52 MHz ( period = 12.735 ns )                    ; count[16] ; count[25] ; clk        ; clk      ; None                        ; None                      ; 12.026 ns               ;
; N/A                                     ; 78.52 MHz ( period = 12.735 ns )                    ; count[16] ; count[24] ; clk        ; clk      ; None                        ; None                      ; 12.026 ns               ;
; N/A                                     ; 78.52 MHz ( period = 12.735 ns )                    ; count[16] ; count[23] ; clk        ; clk      ; None                        ; None                      ; 12.026 ns               ;
; N/A                                     ; 78.52 MHz ( period = 12.735 ns )                    ; count[16] ; count[20] ; clk        ; clk      ; None                        ; None                      ; 12.026 ns               ;
; N/A                                     ; 78.52 MHz ( period = 12.735 ns )                    ; count[16] ; count[22] ; clk        ; clk      ; None                        ; None                      ; 12.026 ns               ;
; N/A                                     ; 78.52 MHz ( period = 12.735 ns )                    ; count[16] ; count[21] ; clk        ; clk      ; None                        ; None                      ; 12.026 ns               ;
; N/A                                     ; 78.52 MHz ( period = 12.735 ns )                    ; count[16] ; count[19] ; clk        ; clk      ; None                        ; None                      ; 12.026 ns               ;
; N/A                                     ; 78.52 MHz ( period = 12.735 ns )                    ; count[16] ; count[18] ; clk        ; clk      ; None                        ; None                      ; 12.026 ns               ;
; N/A                                     ; 78.52 MHz ( period = 12.735 ns )                    ; count[16] ; count[17] ; clk        ; clk      ; None                        ; None                      ; 12.026 ns               ;
; N/A                                     ; 78.52 MHz ( period = 12.735 ns )                    ; count[16] ; count[16] ; clk        ; clk      ; None                        ; None                      ; 12.026 ns               ;
; N/A                                     ; 78.56 MHz ( period = 12.729 ns )                    ; count[15] ; count[5]  ; clk        ; clk      ; None                        ; None                      ; 12.020 ns               ;
; N/A                                     ; 78.56 MHz ( period = 12.729 ns )                    ; count[15] ; count[0]  ; clk        ; clk      ; None                        ; None                      ; 12.020 ns               ;
; N/A                                     ; 78.56 MHz ( period = 12.729 ns )                    ; count[15] ; count[1]  ; clk        ; clk      ; None                        ; None                      ; 12.020 ns               ;
; N/A                                     ; 78.56 MHz ( period = 12.729 ns )                    ; count[15] ; count[2]  ; clk        ; clk      ; None                        ; None                      ; 12.020 ns               ;
; N/A                                     ; 78.56 MHz ( period = 12.729 ns )                    ; count[15] ; count[3]  ; clk        ; clk      ; None                        ; None                      ; 12.020 ns               ;
; N/A                                     ; 78.56 MHz ( period = 12.729 ns )                    ; count[15] ; count[4]  ; clk        ; clk      ; None                        ; None                      ; 12.020 ns               ;
; N/A                                     ; 78.70 MHz ( period = 12.707 ns )                    ; count[2]  ; count[25] ; clk        ; clk      ; None                        ; None                      ; 11.998 ns               ;
; N/A                                     ; 78.70 MHz ( period = 12.707 ns )                    ; count[2]  ; count[24] ; clk        ; clk      ; None                        ; None                      ; 11.998 ns               ;
; N/A                                     ; 78.70 MHz ( period = 12.707 ns )                    ; count[2]  ; count[23] ; clk        ; clk      ; None                        ; None                      ; 11.998 ns               ;
; N/A                                     ; 78.70 MHz ( period = 12.707 ns )                    ; count[2]  ; count[20] ; clk        ; clk      ; None                        ; None                      ; 11.998 ns               ;
; N/A                                     ; 78.70 MHz ( period = 12.707 ns )                    ; count[2]  ; count[22] ; clk        ; clk      ; None                        ; None                      ; 11.998 ns               ;
; N/A                                     ; 78.70 MHz ( period = 12.707 ns )                    ; count[2]  ; count[21] ; clk        ; clk      ; None                        ; None                      ; 11.998 ns               ;
; N/A                                     ; 78.70 MHz ( period = 12.707 ns )                    ; count[2]  ; count[19] ; clk        ; clk      ; None                        ; None                      ; 11.998 ns               ;
; N/A                                     ; 78.70 MHz ( period = 12.707 ns )                    ; count[2]  ; count[18] ; clk        ; clk      ; None                        ; None                      ; 11.998 ns               ;
; N/A                                     ; 78.70 MHz ( period = 12.707 ns )                    ; count[2]  ; count[17] ; clk        ; clk      ; None                        ; None                      ; 11.998 ns               ;
; N/A                                     ; 78.70 MHz ( period = 12.707 ns )                    ; count[2]  ; count[16] ; clk        ; clk      ; None                        ; None                      ; 11.998 ns               ;
; N/A                                     ; 78.75 MHz ( period = 12.699 ns )                    ; count[16] ; count[15] ; clk        ; clk      ; None                        ; None                      ; 11.990 ns               ;
; N/A                                     ; 78.75 MHz ( period = 12.699 ns )                    ; count[16] ; count[12] ; clk        ; clk      ; None                        ; None                      ; 11.990 ns               ;
; N/A                                     ; 78.75 MHz ( period = 12.699 ns )                    ; count[16] ; count[10] ; clk        ; clk      ; None                        ; None                      ; 11.990 ns               ;
; N/A                                     ; 78.75 MHz ( period = 12.699 ns )                    ; count[16] ; count[11] ; clk        ; clk      ; None                        ; None                      ; 11.990 ns               ;
; N/A                                     ; 78.75 MHz ( period = 12.699 ns )                    ; count[16] ; count[9]  ; clk        ; clk      ; None                        ; None                      ; 11.990 ns               ;
; N/A                                     ; 78.75 MHz ( period = 12.699 ns )                    ; count[16] ; count[8]  ; clk        ; clk      ; None                        ; None                      ; 11.990 ns               ;
; N/A                                     ; 78.75 MHz ( period = 12.699 ns )                    ; count[16] ; count[7]  ; clk        ; clk      ; None                        ; None                      ; 11.990 ns               ;
; N/A                                     ; 78.75 MHz ( period = 12.699 ns )                    ; count[16] ; count[6]  ; clk        ; clk      ; None                        ; None                      ; 11.990 ns               ;
; N/A                                     ; 78.75 MHz ( period = 12.699 ns )                    ; count[16] ; count[13] ; clk        ; clk      ; None                        ; None                      ; 11.990 ns               ;
; N/A                                     ; 78.75 MHz ( period = 12.699 ns )                    ; count[16] ; count[14] ; clk        ; clk      ; None                        ; None                      ; 11.990 ns               ;
; N/A                                     ; 78.76 MHz ( period = 12.696 ns )                    ; count[6]  ; count[5]  ; clk        ; clk      ; None                        ; None                      ; 11.987 ns               ;
; N/A                                     ; 78.76 MHz ( period = 12.696 ns )                    ; count[6]  ; count[0]  ; clk        ; clk      ; None                        ; None                      ; 11.987 ns               ;
; N/A                                     ; 78.76 MHz ( period = 12.696 ns )                    ; count[6]  ; count[1]  ; clk        ; clk      ; None                        ; None                      ; 11.987 ns               ;
; N/A                                     ; 78.76 MHz ( period = 12.696 ns )                    ; count[6]  ; count[2]  ; clk        ; clk      ; None                        ; None                      ; 11.987 ns               ;
; N/A                                     ; 78.76 MHz ( period = 12.696 ns )                    ; count[6]  ; count[3]  ; clk        ; clk      ; None                        ; None                      ; 11.987 ns               ;
; N/A                                     ; 78.76 MHz ( period = 12.696 ns )                    ; count[6]  ; count[4]  ; clk        ; clk      ; None                        ; None                      ; 11.987 ns               ;
; N/A                                     ; 78.78 MHz ( period = 12.693 ns )                    ; count[1]  ; count[25] ; clk        ; clk      ; None                        ; None                      ; 11.984 ns               ;
; N/A                                     ; 78.78 MHz ( period = 12.693 ns )                    ; count[1]  ; count[24] ; clk        ; clk      ; None                        ; None                      ; 11.984 ns               ;
; N/A                                     ; 78.78 MHz ( period = 12.693 ns )                    ; count[1]  ; count[23] ; clk        ; clk      ; None                        ; None                      ; 11.984 ns               ;
; N/A                                     ; 78.78 MHz ( period = 12.693 ns )                    ; count[1]  ; count[20] ; clk        ; clk      ; None                        ; None                      ; 11.984 ns               ;
; N/A                                     ; 78.78 MHz ( period = 12.693 ns )                    ; count[1]  ; count[22] ; clk        ; clk      ; None                        ; None                      ; 11.984 ns               ;
; N/A                                     ; 78.78 MHz ( period = 12.693 ns )                    ; count[1]  ; count[21] ; clk        ; clk      ; None                        ; None                      ; 11.984 ns               ;
; N/A                                     ; 78.78 MHz ( period = 12.693 ns )                    ; count[1]  ; count[19] ; clk        ; clk      ; None                        ; None                      ; 11.984 ns               ;
; N/A                                     ; 78.78 MHz ( period = 12.693 ns )                    ; count[1]  ; count[18] ; clk        ; clk      ; None                        ; None                      ; 11.984 ns               ;
; N/A                                     ; 78.78 MHz ( period = 12.693 ns )                    ; count[1]  ; count[17] ; clk        ; clk      ; None                        ; None                      ; 11.984 ns               ;
; N/A                                     ; 78.78 MHz ( period = 12.693 ns )                    ; count[1]  ; count[16] ; clk        ; clk      ; None                        ; None                      ; 11.984 ns               ;
; N/A                                     ; 78.92 MHz ( period = 12.671 ns )                    ; count[2]  ; count[15] ; clk        ; clk      ; None                        ; None                      ; 11.962 ns               ;
; N/A                                     ; 78.92 MHz ( period = 12.671 ns )                    ; count[2]  ; count[12] ; clk        ; clk      ; None                        ; None                      ; 11.962 ns               ;
; N/A                                     ; 78.92 MHz ( period = 12.671 ns )                    ; count[2]  ; count[10] ; clk        ; clk      ; None                        ; None                      ; 11.962 ns               ;
; N/A                                     ; 78.92 MHz ( period = 12.671 ns )                    ; count[2]  ; count[11] ; clk        ; clk      ; None                        ; None                      ; 11.962 ns               ;
; N/A                                     ; 78.92 MHz ( period = 12.671 ns )                    ; count[2]  ; count[9]  ; clk        ; clk      ; None                        ; None                      ; 11.962 ns               ;
; N/A                                     ; 78.92 MHz ( period = 12.671 ns )                    ; count[2]  ; count[8]  ; clk        ; clk      ; None                        ; None                      ; 11.962 ns               ;
; N/A                                     ; 78.92 MHz ( period = 12.671 ns )                    ; count[2]  ; count[7]  ; clk        ; clk      ; None                        ; None                      ; 11.962 ns               ;
; N/A                                     ; 78.92 MHz ( period = 12.671 ns )                    ; count[2]  ; count[6]  ; clk        ; clk      ; None                        ; None                      ; 11.962 ns               ;
; N/A                                     ; 78.92 MHz ( period = 12.671 ns )                    ; count[2]  ; count[13] ; clk        ; clk      ; None                        ; None                      ; 11.962 ns               ;
; N/A                                     ; 78.92 MHz ( period = 12.671 ns )                    ; count[2]  ; count[14] ; clk        ; clk      ; None                        ; None                      ; 11.962 ns               ;
; N/A                                     ; 79.01 MHz ( period = 12.657 ns )                    ; count[1]  ; count[15] ; clk        ; clk      ; None                        ; None                      ; 11.948 ns               ;
; N/A                                     ; 79.01 MHz ( period = 12.657 ns )                    ; count[1]  ; count[12] ; clk        ; clk      ; None                        ; None                      ; 11.948 ns               ;
; N/A                                     ; 79.01 MHz ( period = 12.657 ns )                    ; count[1]  ; count[10] ; clk        ; clk      ; None                        ; None                      ; 11.948 ns               ;
; N/A                                     ; 79.01 MHz ( period = 12.657 ns )                    ; count[1]  ; count[11] ; clk        ; clk      ; None                        ; None                      ; 11.948 ns               ;
; N/A                                     ; 79.01 MHz ( period = 12.657 ns )                    ; count[1]  ; count[9]  ; clk        ; clk      ; None                        ; None                      ; 11.948 ns               ;
; N/A                                     ; 79.01 MHz ( period = 12.657 ns )                    ; count[1]  ; count[8]  ; clk        ; clk      ; None                        ; None                      ; 11.948 ns               ;
; N/A                                     ; 79.01 MHz ( period = 12.657 ns )                    ; count[1]  ; count[7]  ; clk        ; clk      ; None                        ; None                      ; 11.948 ns               ;
; N/A                                     ; 79.01 MHz ( period = 12.657 ns )                    ; count[1]  ; count[6]  ; clk        ; clk      ; None                        ; None                      ; 11.948 ns               ;
; N/A                                     ; 79.01 MHz ( period = 12.657 ns )                    ; count[1]  ; count[13] ; clk        ; clk      ; None                        ; None                      ; 11.948 ns               ;
; N/A                                     ; 79.01 MHz ( period = 12.657 ns )                    ; count[1]  ; count[14] ; clk        ; clk      ; None                        ; None                      ; 11.948 ns               ;
; N/A                                     ; 79.03 MHz ( period = 12.654 ns )                    ; count[4]  ; count[0]  ; clk        ; clk      ; None                        ; None                      ; 11.945 ns               ;
; N/A                                     ; 79.03 MHz ( period = 12.654 ns )                    ; count[4]  ; count[1]  ; clk        ; clk      ; None                        ; None                      ; 11.945 ns               ;
; N/A                                     ; 79.03 MHz ( period = 12.654 ns )                    ; count[4]  ; count[2]  ; clk        ; clk      ; None                        ; None                      ; 11.945 ns               ;
; N/A                                     ; 79.03 MHz ( period = 12.654 ns )                    ; count[4]  ; count[3]  ; clk        ; clk      ; None                        ; None                      ; 11.945 ns               ;
; Timing analysis restricted to 200 rows. ; To change the limit use Settings (Assignments menu) ;           ;           ;            ;          ;                             ;                           ;                         ;
+-----------------------------------------+-----------------------------------------------------+-----------+-----------+------------+----------+-----------------------------+---------------------------+-------------------------+


+-----------------------------------------------------------------+
; tco                                                             ;
+-------+--------------+------------+----------+-----+------------+
; Slack ; Required tco ; Actual tco ; From     ; To  ; From Clock ;
+-------+--------------+------------+----------+-----+------------+
; N/A   ; None         ; 8.128 ns   ; led~reg0 ; led ; clk        ;
+-------+--------------+------------+----------+-----+------------+


+--------------------------+
; Timing Analyzer Messages ;
+--------------------------+
Info: *******************************************************************
Info: Running Quartus II Classic Timing Analyzer
    Info: Version 9.1 Build 350 03/24/2010 Service Pack 2 SJ Web Edition
    Info: Processing started: Tue Jul 12 18:29:53 2022
Info: Command: quartus_tan --read_settings_files=off --write_settings_files=off V1 -c V1
Info: Started post-fitting delay annotation
Info: Delay annotation completed successfully
Warning: Found pins functioning as undefined clocks and/or memory enables
    Info: Assuming node "clk" is an undefined clock
Info: Clock "clk" has Internal fmax of 73.76 MHz between source register "count[0]" and destination register "count[5]" (period= 13.558 ns)
    Info: + Longest register to register delay is 12.849 ns
        Info: 1: + IC(0.000 ns) + CELL(0.000 ns) = 0.000 ns; Loc. = LC_X3_Y3_N4; Fanout = 3; REG Node = 'count[0]'
        Info: 2: + IC(0.895 ns) + CELL(0.914 ns) = 1.809 ns; Loc. = LC_X3_Y3_N2; Fanout = 1; COMB Node = 'LessThan2~4'
        Info: 3: + IC(0.720 ns) + CELL(0.200 ns) = 2.729 ns; Loc. = LC_X3_Y3_N0; Fanout = 2; COMB Node = 'LessThan2~5'
        Info: 4: + IC(1.146 ns) + CELL(0.200 ns) = 4.075 ns; Loc. = LC_X3_Y3_N3; Fanout = 1; COMB Node = 'LessThan2~6'
        Info: 5: + IC(2.908 ns) + CELL(0.511 ns) = 7.494 ns; Loc. = LC_X5_Y4_N4; Fanout = 1; COMB Node = 'LessThan2~8'
        Info: 6: + IC(0.534 ns) + CELL(0.200 ns) = 8.228 ns; Loc. = LC_X5_Y4_N5; Fanout = 2; COMB Node = 'count~67'
        Info: 7: + IC(0.305 ns) + CELL(0.200 ns) = 8.733 ns; Loc. = LC_X5_Y4_N6; Fanout = 32; COMB Node = 'count~68'
        Info: 8: + IC(2.356 ns) + CELL(1.760 ns) = 12.849 ns; Loc. = LC_X3_Y3_N9; Fanout = 3; REG Node = 'count[5]'
        Info: Total cell delay = 3.985 ns ( 31.01 % )
        Info: Total interconnect delay = 8.864 ns ( 68.99 % )
    Info: - Smallest clock skew is 0.000 ns
        Info: + Shortest clock path from clock "clk" to destination register is 3.348 ns
            Info: 1: + IC(0.000 ns) + CELL(1.163 ns) = 1.163 ns; Loc. = PIN_12; Fanout = 33; CLK Node = 'clk'
            Info: 2: + IC(1.267 ns) + CELL(0.918 ns) = 3.348 ns; Loc. = LC_X3_Y3_N9; Fanout = 3; REG Node = 'count[5]'
            Info: Total cell delay = 2.081 ns ( 62.16 % )
            Info: Total interconnect delay = 1.267 ns ( 37.84 % )
        Info: - Longest clock path from clock "clk" to source register is 3.348 ns
            Info: 1: + IC(0.000 ns) + CELL(1.163 ns) = 1.163 ns; Loc. = PIN_12; Fanout = 33; CLK Node = 'clk'
            Info: 2: + IC(1.267 ns) + CELL(0.918 ns) = 3.348 ns; Loc. = LC_X3_Y3_N4; Fanout = 3; REG Node = 'count[0]'
            Info: Total cell delay = 2.081 ns ( 62.16 % )
            Info: Total interconnect delay = 1.267 ns ( 37.84 % )
    Info: + Micro clock to output delay of source is 0.376 ns
    Info: + Micro setup delay of destination is 0.333 ns
Info: tco from clock "clk" to destination pin "led" through register "led~reg0" is 8.128 ns
    Info: + Longest clock path from clock "clk" to source register is 3.348 ns
        Info: 1: + IC(0.000 ns) + CELL(1.163 ns) = 1.163 ns; Loc. = PIN_12; Fanout = 33; CLK Node = 'clk'
        Info: 2: + IC(1.267 ns) + CELL(0.918 ns) = 3.348 ns; Loc. = LC_X6_Y3_N6; Fanout = 2; REG Node = 'led~reg0'
        Info: Total cell delay = 2.081 ns ( 62.16 % )
        Info: Total interconnect delay = 1.267 ns ( 37.84 % )
    Info: + Micro clock to output delay of source is 0.376 ns
    Info: + Longest register to pin delay is 4.404 ns
        Info: 1: + IC(0.000 ns) + CELL(0.000 ns) = 0.000 ns; Loc. = LC_X6_Y3_N6; Fanout = 2; REG Node = 'led~reg0'
        Info: 2: + IC(2.082 ns) + CELL(2.322 ns) = 4.404 ns; Loc. = PIN_77; Fanout = 0; PIN Node = 'led'
        Info: Total cell delay = 2.322 ns ( 52.72 % )
        Info: Total interconnect delay = 2.082 ns ( 47.28 % )
Info: Quartus II Classic Timing Analyzer was successful. 0 errors, 1 warning
    Info: Peak virtual memory: 147 megabytes
    Info: Processing ended: Tue Jul 12 18:29:54 2022
    Info: Elapsed time: 00:00:01
    Info: Total CPU time (on all processors): 00:00:02


