Flow report for MAX2
Mon Jul 11 18:26:02 2022
Quartus II Version 9.1 Build 350 03/24/2010 Service Pack 2 SJ Web Edition


---------------------
; Table of Contents ;
---------------------
  1. Legal Notice
  2. Flow Summary
  3. Flow Settings
  4. Flow Non-Default Global Settings
  5. Flow Elapsed Time
  6. Flow OS Summary
  7. Flow Log



----------------
; Legal Notice ;
----------------
Copyright (C) 1991-2010 Altera Corporation
Your use of Altera Corporation's design tools, logic functions 
and other software and tools, and its AMPP partner logic 
functions, and any output files from any of the foregoing 
(including device programming or simulation files), and any 
associated documentation or information are expressly subject 
to the terms and conditions of the Altera Program License 
Subscription Agreement, Altera MegaCore Function License 
Agreement, or other applicable license agreement, including, 
without limitation, that your use is for the sole purpose of 
programming logic devices manufactured by Altera and sold by 
Altera or its authorized distributors.  Please refer to the 
applicable agreement for further details.



+------------------------------------------------------------------------+
; Flow Summary                                                           ;
+-------------------------+----------------------------------------------+
; Flow Status             ; Successful - Mon Jul 11 18:26:02 2022        ;
; Quartus II Version      ; 9.1 Build 350 03/24/2010 SP 2 SJ Web Edition ;
; Revision Name           ; MAX2                                         ;
; Top-level Entity Name   ; MAX2                                         ;
; Family                  ; MAX II                                       ;
; Device                  ; EPM240T100C5                                 ;
; Timing Models           ; Final                                        ;
; Met timing requirements ; Yes                                          ;
; Total logic elements    ; 25 / 240 ( 10 % )                            ;
; Total pins              ; 4 / 80 ( 5 % )                               ;
; Total virtual pins      ; 0                                            ;
; UFM blocks              ; 1 / 1 ( 100 % )                              ;
+-------------------------+----------------------------------------------+


+-----------------------------------------+
; Flow Settings                           ;
+-------------------+---------------------+
; Option            ; Setting             ;
+-------------------+---------------------+
; Start date & time ; 07/11/2022 18:25:39 ;
; Main task         ; Compilation         ;
; Revision Name     ; MAX2                ;
+-------------------+---------------------+


+-------------------------------------------------------------------------------------------------------------------------+
; Flow Non-Default Global Settings                                                                                        ;
+---------------------------------------+----------------------------------+---------------+-------------+----------------+
; Assignment Name                       ; Value                            ; Default Value ; Entity Name ; Section Id     ;
+---------------------------------------+----------------------------------+---------------+-------------+----------------+
; COMPILER_SIGNATURE_ID                 ; 220314644058690.165754233904812  ; --            ; --          ; --             ;
; MAX_CORE_JUNCTION_TEMP                ; 85                               ; --            ; --          ; --             ;
; MIN_CORE_JUNCTION_TEMP                ; 0                                ; --            ; --          ; --             ;
; MISC_FILE                             ; c:/altera/91sp2/quartus/MAX2.dpf ; --            ; --          ; --             ;
; MISC_FILE                             ; C:/altera/91sp2/quartus/MAX2.dpf ; --            ; --          ; --             ;
; POWER_EXT_SUPPLY_VOLTAGE_TO_REGULATOR ; 3.3V                             ; --            ; --          ; --             ;
; USE_GENERATED_PHYSICAL_CONSTRAINTS    ; Off                              ; --            ; --          ; eda_blast_fpga ;
+---------------------------------------+----------------------------------+---------------+-------------+----------------+


+-----------------------------------------------------------------------------------------------------------------------------+
; Flow Elapsed Time                                                                                                           ;
+-------------------------+--------------+-------------------------+---------------------+------------------------------------+
; Module Name             ; Elapsed Time ; Average Processors Used ; Peak Virtual Memory ; Total CPU Time (on all processors) ;
+-------------------------+--------------+-------------------------+---------------------+------------------------------------+
; Analysis & Synthesis    ; 00:00:07     ; 1.0                     ; 196 MB              ; 00:00:04                           ;
; Fitter                  ; 00:00:04     ; 1.0                     ; 198 MB              ; 00:00:03                           ;
; Assembler               ; 00:00:02     ; 1.0                     ; 162 MB              ; 00:00:01                           ;
; Classic Timing Analyzer ; 00:00:01     ; 1.0                     ; 147 MB              ; 00:00:01                           ;
; Total                   ; 00:00:14     ; --                      ; --                  ; 00:00:09                           ;
+-------------------------+--------------+-------------------------+---------------------+------------------------------------+


+------------------------------------------------------------------------------------------+
; Flow OS Summary                                                                          ;
+-------------------------+------------------+---------------+------------+----------------+
; Module Name             ; Machine Hostname ; OS Name       ; OS Version ; Processor type ;
+-------------------------+------------------+---------------+------------+----------------+
; Analysis & Synthesis    ; azfox-asus       ; Windows Vista ; 6.1        ; i686           ;
; Fitter                  ; azfox-asus       ; Windows Vista ; 6.1        ; i686           ;
; Assembler               ; azfox-asus       ; Windows Vista ; 6.1        ; i686           ;
; Classic Timing Analyzer ; azfox-asus       ; Windows Vista ; 6.1        ; i686           ;
+-------------------------+------------------+---------------+------------+----------------+


------------
; Flow Log ;
------------
quartus_map --read_settings_files=on --write_settings_files=off MAX2 -c MAX2
quartus_fit --read_settings_files=off --write_settings_files=off MAX2 -c MAX2
quartus_asm --read_settings_files=off --write_settings_files=off MAX2 -c MAX2
quartus_tan --read_settings_files=off --write_settings_files=off MAX2 -c MAX2



